<?xml version="1.0" encoding="UTF-8" ?>
<testsuite failures="0" time="0.685" errors="0" skipped="0" tests="3" name="org.you.core.dao.DataAccessManagerTest">
  <properties>
    <property name="configFilePath" value="D:/Users/fenglei/game_dev/game_component/src/main/resources/"/>
    <property name="java.runtime.name" value="Java(TM) SE Runtime Environment"/>
    <property name="sun.boot.library.path" value="D:\Java\jdk1.6.0_32\jre\bin"/>
    <property name="java.vm.version" value="20.7-b02"/>
    <property name="java.vm.vendor" value="Sun Microsystems Inc."/>
    <property name="java.vendor.url" value="http://java.sun.com/"/>
    <property name="path.separator" value=";"/>
    <property name="java.vm.name" value="Java HotSpot(TM) Client VM"/>
    <property name="file.encoding.pkg" value="sun.io"/>
    <property name="user.country" value="CN"/>
    <property name="sun.java.launcher" value="SUN_STANDARD"/>
    <property name="sun.os.patch.level" value="Service Pack 1"/>
    <property name="java.vm.specification.name" value="Java Virtual Machine Specification"/>
    <property name="user.dir" value="D:\Users\fenglei\game_dev\game_component"/>
    <property name="java.runtime.version" value="1.6.0_32-b05"/>
    <property name="java.awt.graphicsenv" value="sun.awt.Win32GraphicsEnvironment"/>
    <property name="basedir" value="D:\Users\fenglei\game_dev\game_component"/>
    <property name="java.endorsed.dirs" value="D:\Java\jdk1.6.0_32\jre\lib\endorsed"/>
    <property name="os.arch" value="x86"/>
    <property name="surefire.real.class.path" value="C:\Users\fenglei\AppData\Local\Temp\surefirebooter4149228432490638334.jar"/>
    <property name="java.io.tmpdir" value="C:\Users\fenglei\AppData\Local\Temp\"/>
    <property name="line.separator" value="
"/>
    <property name="java.vm.specification.vendor" value="Sun Microsystems Inc."/>
    <property name="user.variant" value=""/>
    <property name="os.name" value="Windows 7"/>
    <property name="sun.jnu.encoding" value="GBK"/>
    <property name="java.library.path" value="D:\Java\jdk1.6.0_32\jre\bin;C:\Windows\Sun\Java\bin;C:\Windows\system32;C:\Windows;D:/Java/jre6/bin/client;D:/Java/jre6/bin;D:/Java/jre6/lib/i386;C:\Windows\system32;C:\Windows;C:\Windows\System32\Wbem;C:\Windows\System32\WindowsPowerShell\v1.0\;C:\Program Files\Lenovo\Access Connections\;C:\Program Files\TortoiseSVN\bin;D:\apache-maven-2.2.1\bin;D:\MySQL\bin;C:\Program Files\Common Files\Thunder Network\KanKan\Codecs;C:\Program Files\OpenVPN\bin;C:\Program Files\SSH Communications Security\SSH Secure Shell;E:\DevelopTool\eclipse-4.2;;."/>
    <property name="surefire.test.class.path" value="D:\Users\fenglei\game_dev\game_component\target\test-classes;D:\Users\fenglei\game_dev\game_component\target\classes;d:\maven-repos\apache-log4j\log4j\1.2.15\log4j-1.2.15.jar;d:\maven-repos\org\apache\openejb\commons-dbcp-all\1.3-r699049\commons-dbcp-all-1.3-r699049.jar;d:\maven-repos\dom4j\dom4j\1.6.1\dom4j-1.6.1.jar;d:\maven-repos\xml-apis\xml-apis\1.0.b2\xml-apis-1.0.b2.jar;d:\maven-repos\jaxen\jaxen\1.1\jaxen-1.1.jar;d:\maven-repos\jdom\jdom\1.0\jdom-1.0.jar;d:\maven-repos\xerces\xercesImpl\2.6.2\xercesImpl-2.6.2.jar;d:\maven-repos\xom\xom\1.0\xom-1.0.jar;d:\maven-repos\xerces\xmlParserAPIs\2.6.2\xmlParserAPIs-2.6.2.jar;d:\maven-repos\xalan\xalan\2.6.0\xalan-2.6.0.jar;d:\maven-repos\com\ibm\icu\icu4j\2.6.1\icu4j-2.6.1.jar;d:\maven-repos\spy\spymemcached\2.8.1\spymemcached-2.8.1.jar;d:\maven-repos\org\simpleframework\simple-xml\2.3.3\simple-xml-2.3.3.jar;d:\maven-repos\stax\stax-api\1.0.1\stax-api-1.0.1.jar;d:\maven-repos\stax\stax\1.2.0\stax-1.2.0.jar;d:\maven-repos\mysql\mysql-connector-java\5.1.12\mysql-connector-java-5.1.12.jar;d:\maven-repos\junit\junit\4.7\junit-4.7.jar;"/>
    <property name="java.specification.name" value="Java Platform API Specification"/>
    <property name="java.class.version" value="50.0"/>
    <property name="sun.management.compiler" value="HotSpot Client Compiler"/>
    <property name="os.version" value="6.1"/>
    <property name="user.home" value="C:\Users\fenglei"/>
    <property name="user.timezone" value="Asia/Shanghai"/>
    <property name="java.awt.printerjob" value="sun.awt.windows.WPrinterJob"/>
    <property name="java.specification.version" value="1.6"/>
    <property name="file.encoding" value="GBK"/>
    <property name="user.name" value="fenglei"/>
    <property name="java.class.path" value="D:\Users\fenglei\game_dev\game_component\target\test-classes;D:\Users\fenglei\game_dev\game_component\target\classes;d:\maven-repos\apache-log4j\log4j\1.2.15\log4j-1.2.15.jar;d:\maven-repos\org\apache\openejb\commons-dbcp-all\1.3-r699049\commons-dbcp-all-1.3-r699049.jar;d:\maven-repos\dom4j\dom4j\1.6.1\dom4j-1.6.1.jar;d:\maven-repos\xml-apis\xml-apis\1.0.b2\xml-apis-1.0.b2.jar;d:\maven-repos\jaxen\jaxen\1.1\jaxen-1.1.jar;d:\maven-repos\jdom\jdom\1.0\jdom-1.0.jar;d:\maven-repos\xerces\xercesImpl\2.6.2\xercesImpl-2.6.2.jar;d:\maven-repos\xom\xom\1.0\xom-1.0.jar;d:\maven-repos\xerces\xmlParserAPIs\2.6.2\xmlParserAPIs-2.6.2.jar;d:\maven-repos\xalan\xalan\2.6.0\xalan-2.6.0.jar;d:\maven-repos\com\ibm\icu\icu4j\2.6.1\icu4j-2.6.1.jar;d:\maven-repos\spy\spymemcached\2.8.1\spymemcached-2.8.1.jar;d:\maven-repos\org\simpleframework\simple-xml\2.3.3\simple-xml-2.3.3.jar;d:\maven-repos\stax\stax-api\1.0.1\stax-api-1.0.1.jar;d:\maven-repos\stax\stax\1.2.0\stax-1.2.0.jar;d:\maven-repos\mysql\mysql-connector-java\5.1.12\mysql-connector-java-5.1.12.jar;d:\maven-repos\junit\junit\4.7\junit-4.7.jar;"/>
    <property name="java.vm.specification.version" value="1.0"/>
    <property name="sun.arch.data.model" value="32"/>
    <property name="java.home" value="D:\Java\jdk1.6.0_32\jre"/>
    <property name="sun.java.command" value="C:\Users\fenglei\AppData\Local\Temp\surefirebooter4149228432490638334.jar C:\Users\fenglei\AppData\Local\Temp\surefire378839762152364064tmp C:\Users\fenglei\AppData\Local\Temp\surefire1501911864293006700tmp"/>
    <property name="java.specification.vendor" value="Sun Microsystems Inc."/>
    <property name="user.language" value="zh"/>
    <property name="awt.toolkit" value="sun.awt.windows.WToolkit"/>
    <property name="java.vm.info" value="mixed mode, sharing"/>
    <property name="java.version" value="1.6.0_32"/>
    <property name="java.ext.dirs" value="D:\Java\jdk1.6.0_32\jre\lib\ext;C:\Windows\Sun\Java\lib\ext"/>
    <property name="sun.boot.class.path" value="D:\Java\jdk1.6.0_32\jre\lib\resources.jar;D:\Java\jdk1.6.0_32\jre\lib\rt.jar;D:\Java\jdk1.6.0_32\jre\lib\sunrsasign.jar;D:\Java\jdk1.6.0_32\jre\lib\jsse.jar;D:\Java\jdk1.6.0_32\jre\lib\jce.jar;D:\Java\jdk1.6.0_32\jre\lib\charsets.jar;D:\Java\jdk1.6.0_32\jre\lib\modules\jdk.boot.jar;D:\Java\jdk1.6.0_32\jre\classes"/>
    <property name="java.vendor" value="Sun Microsystems Inc."/>
    <property name="localRepository" value="d:\maven-repos"/>
    <property name="file.separator" value="\"/>
    <property name="java.vendor.url.bug" value="http://java.sun.com/cgi-bin/bugreport.cgi"/>
    <property name="sun.cpu.endian" value="little"/>
    <property name="sun.io.unicode.encoding" value="UnicodeLittle"/>
    <property name="sun.desktop" value="windows"/>
    <property name="sun.cpu.isalist" value="pentium_pro+mmx pentium_pro pentium+mmx pentium i486 i386 i86"/>
  </properties>
  <testcase time="0.594" classname="org.you.core.dao.DataAccessManagerTest" name="testUpdate"/>
  <testcase time="0.065" classname="org.you.core.dao.DataAccessManagerTest" name="testModel"/>
  <testcase time="0.002" classname="org.you.core.dao.DataAccessManagerTest" name="testUniq"/>
</testsuite>